9:15:22 AM  [main] 	Initializing Control Panel
9:15:22 AM  [main] 	Windows Version:  Home  64-bit
9:15:22 AM  [main] 	XAMPP Version: 7.2.1
9:15:22 AM  [main] 	Control Panel Version: 3.2.2  [ Compiled: Nov 12th 2015 ]
9:15:22 AM  [main] 	You are not running with administrator rights! This will work for
9:15:22 AM  [main] 	most application stuff but whenever you do something with services
9:15:22 AM  [main] 	there will be a security dialogue or things will break! So think 
9:15:22 AM  [main] 	about running this application with administrator rights!
9:15:22 AM  [main] 	XAMPP Installation Directory: "d:\angularjs\xampp\"
9:15:22 AM  [main] 	Checking for prerequisites
9:15:22 AM  [main] 	All prerequisites found
9:15:22 AM  [main] 	Initializing Modules
9:15:22 AM  [main] 	The FileZilla module is disabled
9:15:22 AM  [main] 	The Mercury module is disabled
9:15:22 AM  [main] 	Starting Check-Timer
9:15:22 AM  [main] 	Control Panel Ready
9:15:23 AM  [Apache] 	Attempting to start Apache app...
9:15:24 AM  [Apache] 	Status change detected: running
9:15:24 AM  [Apache] 	Status change detected: stopped
9:15:24 AM  [Apache] 	Error: Apache shutdown unexpectedly.
9:15:24 AM  [Apache] 	This may be due to a blocked port, missing dependencies, 
9:15:24 AM  [Apache] 	improper privileges, a crash, or a shutdown by another method.
9:15:24 AM  [Apache] 	Press the Logs button to view error logs and check
9:15:24 AM  [Apache] 	the Windows Event Viewer for more clues
9:15:24 AM  [Apache] 	If you need more help, copy and post this
9:15:24 AM  [Apache] 	entire log window on the forums
9:15:33 AM  [Apache] 	Status change detected: running
9:15:33 AM  [Apache] 	Status change detected: stopped
9:15:33 AM  [Apache] 	Error: Apache shutdown unexpectedly.
9:15:33 AM  [Apache] 	This may be due to a blocked port, missing dependencies, 
9:15:33 AM  [Apache] 	improper privileges, a crash, or a shutdown by another method.
9:15:33 AM  [Apache] 	Press the Logs button to view error logs and check
9:15:33 AM  [Apache] 	the Windows Event Viewer for more clues
9:15:33 AM  [Apache] 	If you need more help, copy and post this
9:15:33 AM  [Apache] 	entire log window on the forums
9:15:36 AM  [Apache] 	Status change detected: running
9:15:37 AM  [Apache] 	Status change detected: stopped
9:15:37 AM  [Apache] 	Error: Apache shutdown unexpectedly.
9:15:37 AM  [Apache] 	This may be due to a blocked port, missing dependencies, 
9:15:37 AM  [Apache] 	improper privileges, a crash, or a shutdown by another method.
9:15:37 AM  [Apache] 	Press the Logs button to view error logs and check
9:15:37 AM  [Apache] 	the Windows Event Viewer for more clues
9:15:37 AM  [Apache] 	If you need more help, copy and post this
9:15:37 AM  [Apache] 	entire log window on the forums
9:15:45 AM  [mysql] 	Status change detected: running
9:15:52 AM  [Apache] 	Status change detected: running
9:19:10 AM  [Apache] 	Status change detected: stopped
9:19:10 AM  [Apache] 	Error: Apache shutdown unexpectedly.
9:19:10 AM  [Apache] 	This may be due to a blocked port, missing dependencies, 
9:19:10 AM  [Apache] 	improper privileges, a crash, or a shutdown by another method.
9:19:10 AM  [Apache] 	Press the Logs button to view error logs and check
9:19:10 AM  [Apache] 	the Windows Event Viewer for more clues
9:19:10 AM  [Apache] 	If you need more help, copy and post this
9:19:10 AM  [Apache] 	entire log window on the forums
9:19:28 AM  [mysql] 	Status change detected: stopped
9:19:28 AM  [mysql] 	Error: MySQL shutdown unexpectedly.
9:19:28 AM  [mysql] 	This may be due to a blocked port, missing dependencies, 
9:19:28 AM  [mysql] 	improper privileges, a crash, or a shutdown by another method.
9:19:28 AM  [mysql] 	Press the Logs button to view error logs and check
9:19:28 AM  [mysql] 	the Windows Event Viewer for more clues
9:19:28 AM  [mysql] 	If you need more help, copy and post this
9:19:28 AM  [mysql] 	entire log window on the forums
9:19:33 AM  [main] 	Deinitializing Modules
9:19:33 AM  [main] 	Deinitializing Control Panel

9:15:56 AM  [main] 	Initializing Control Panel
9:15:56 AM  [main] 	Windows Version:  Home  64-bit
9:15:56 AM  [main] 	XAMPP Version: 7.2.1
9:15:56 AM  [main] 	Control Panel Version: 3.2.2  [ Compiled: Nov 12th 2015 ]
9:15:56 AM  [main] 	You are not running with administrator rights! This will work for
9:15:56 AM  [main] 	most application stuff but whenever you do something with services
9:15:56 AM  [main] 	there will be a security dialogue or things will break! So think 
9:15:56 AM  [main] 	about running this application with administrator rights!
9:15:56 AM  [main] 	XAMPP Installation Directory: "d:\angularjs\xampp\"
9:15:56 AM  [main] 	Checking for prerequisites
9:15:56 AM  [main] 	All prerequisites found
9:15:56 AM  [main] 	Initializing Modules
9:15:56 AM  [Apache] 	XAMPP Apache is already running on port 80
9:15:56 AM  [Apache] 	XAMPP Apache is already running on port 443
9:15:56 AM  [mysql] 	XAMPP MySQL is already running on port 3306
9:15:56 AM  [main] 	The FileZilla module is disabled
9:15:56 AM  [main] 	The Mercury module is disabled
9:15:56 AM  [main] 	Starting Check-Timer
9:15:56 AM  [main] 	Control Panel Ready
9:19:09 AM  [Apache] 	Status change detected: stopped
9:19:09 AM  [Apache] 	Error: Apache shutdown unexpectedly.
9:19:09 AM  [Apache] 	This may be due to a blocked port, missing dependencies, 
9:19:09 AM  [Apache] 	improper privileges, a crash, or a shutdown by another method.
9:19:09 AM  [Apache] 	Press the Logs button to view error logs and check
9:19:09 AM  [Apache] 	the Windows Event Viewer for more clues
9:19:09 AM  [Apache] 	If you need more help, copy and post this
9:19:09 AM  [Apache] 	entire log window on the forums
9:19:29 AM  [mysql] 	Status change detected: stopped
9:19:29 AM  [mysql] 	Error: MySQL shutdown unexpectedly.
9:19:29 AM  [mysql] 	This may be due to a blocked port, missing dependencies, 
9:19:29 AM  [mysql] 	improper privileges, a crash, or a shutdown by another method.
9:19:29 AM  [mysql] 	Press the Logs button to view error logs and check
9:19:29 AM  [mysql] 	the Windows Event Viewer for more clues
9:19:29 AM  [mysql] 	If you need more help, copy and post this
9:19:29 AM  [mysql] 	entire log window on the forums
9:19:35 AM  [main] 	Deinitializing Modules
9:19:35 AM  [main] 	Deinitializing Control Panel

9:15:30 AM  [main] 	Initializing Control Panel
9:15:30 AM  [main] 	Windows Version:  Home  64-bit
9:15:30 AM  [main] 	XAMPP Version: 7.2.1
9:15:30 AM  [main] 	Control Panel Version: 3.2.2  [ Compiled: Nov 12th 2015 ]
9:15:30 AM  [main] 	You are not running with administrator rights! This will work for
9:15:30 AM  [main] 	most application stuff but whenever you do something with services
9:15:30 AM  [main] 	there will be a security dialogue or things will break! So think 
9:15:30 AM  [main] 	about running this application with administrator rights!
9:15:30 AM  [main] 	XAMPP Installation Directory: "d:\angularjs\xampp\"
9:15:30 AM  [main] 	Checking for prerequisites
9:15:30 AM  [main] 	All prerequisites found
9:15:30 AM  [main] 	Initializing Modules
9:15:30 AM  [main] 	The FileZilla module is disabled
9:15:30 AM  [main] 	The Mercury module is disabled
9:15:30 AM  [main] 	Starting Check-Timer
9:15:30 AM  [main] 	Control Panel Ready
9:15:32 AM  [Apache] 	Attempting to start Apache app...
9:15:32 AM  [Apache] 	Status change detected: running
9:15:33 AM  [Apache] 	Status change detected: stopped
9:15:33 AM  [Apache] 	Error: Apache shutdown unexpectedly.
9:15:33 AM  [Apache] 	This may be due to a blocked port, missing dependencies, 
9:15:33 AM  [Apache] 	improper privileges, a crash, or a shutdown by another method.
9:15:33 AM  [Apache] 	Press the Logs button to view error logs and check
9:15:33 AM  [Apache] 	the Windows Event Viewer for more clues
9:15:33 AM  [Apache] 	If you need more help, copy and post this
9:15:33 AM  [Apache] 	entire log window on the forums
9:15:36 AM  [Apache] 	Status change detected: running
9:15:37 AM  [Apache] 	Status change detected: stopped
9:15:37 AM  [Apache] 	Error: Apache shutdown unexpectedly.
9:15:37 AM  [Apache] 	This may be due to a blocked port, missing dependencies, 
9:15:37 AM  [Apache] 	improper privileges, a crash, or a shutdown by another method.
9:15:37 AM  [Apache] 	Press the Logs button to view error logs and check
9:15:37 AM  [Apache] 	the Windows Event Viewer for more clues
9:15:37 AM  [Apache] 	If you need more help, copy and post this
9:15:37 AM  [Apache] 	entire log window on the forums
9:15:44 AM  [mysql] 	Status change detected: running
9:15:52 AM  [Apache] 	Status change detected: running
9:19:09 AM  [Apache] 	Status change detected: stopped
9:19:09 AM  [Apache] 	Error: Apache shutdown unexpectedly.
9:19:09 AM  [Apache] 	This may be due to a blocked port, missing dependencies, 
9:19:09 AM  [Apache] 	improper privileges, a crash, or a shutdown by another method.
9:19:09 AM  [Apache] 	Press the Logs button to view error logs and check
9:19:09 AM  [Apache] 	the Windows Event Viewer for more clues
9:19:09 AM  [Apache] 	If you need more help, copy and post this
9:19:09 AM  [Apache] 	entire log window on the forums
9:19:29 AM  [mysql] 	Status change detected: stopped
9:19:29 AM  [mysql] 	Error: MySQL shutdown unexpectedly.
9:19:29 AM  [mysql] 	This may be due to a blocked port, missing dependencies, 
9:19:29 AM  [mysql] 	improper privileges, a crash, or a shutdown by another method.
9:19:29 AM  [mysql] 	Press the Logs button to view error logs and check
9:19:29 AM  [mysql] 	the Windows Event Viewer for more clues
9:19:29 AM  [mysql] 	If you need more help, copy and post this
9:19:29 AM  [mysql] 	entire log window on the forums
9:19:36 AM  [main] 	Deinitializing Modules
9:19:36 AM  [main] 	Deinitializing Control Panel

9:19:40 AM  [main] 	Initializing Control Panel
9:19:40 AM  [main] 	Windows Version:  Home  64-bit
9:19:40 AM  [main] 	XAMPP Version: 7.2.1
9:19:40 AM  [main] 	Control Panel Version: 3.2.2  [ Compiled: Nov 12th 2015 ]
9:19:40 AM  [main] 	You are not running with administrator rights! This will work for
9:19:40 AM  [main] 	most application stuff but whenever you do something with services
9:19:40 AM  [main] 	there will be a security dialogue or things will break! So think 
9:19:40 AM  [main] 	about running this application with administrator rights!
9:19:40 AM  [main] 	XAMPP Installation Directory: "d:\angularjs\xampp\"
9:19:40 AM  [main] 	Checking for prerequisites
9:19:40 AM  [main] 	All prerequisites found
9:19:40 AM  [main] 	Initializing Modules
9:19:40 AM  [main] 	The FileZilla module is disabled
9:19:40 AM  [main] 	The Mercury module is disabled
9:19:40 AM  [main] 	Starting Check-Timer
9:19:40 AM  [main] 	Control Panel Ready
9:19:42 AM  [Apache] 	Attempting to start Apache app...
9:19:42 AM  [Apache] 	Status change detected: running
9:19:44 AM  [mysql] 	Attempting to start MySQL app...
9:19:44 AM  [mysql] 	Status change detected: running
9:28:23 AM  [main] 	Deinitializing Modules
9:28:23 AM  [main] 	Deinitializing Control Panel

9:46:02 AM  [main] 	Initializing Control Panel
9:46:02 AM  [main] 	Windows Version:  Home  64-bit
9:46:02 AM  [main] 	XAMPP Version: 7.2.1
9:46:02 AM  [main] 	Control Panel Version: 3.2.2  [ Compiled: Nov 12th 2015 ]
9:46:02 AM  [main] 	You are not running with administrator rights! This will work for
9:46:02 AM  [main] 	most application stuff but whenever you do something with services
9:46:02 AM  [main] 	there will be a security dialogue or things will break! So think 
9:46:02 AM  [main] 	about running this application with administrator rights!
9:46:02 AM  [main] 	XAMPP Installation Directory: "d:\angularjs\xampp\"
9:46:02 AM  [main] 	Checking for prerequisites
9:46:04 AM  [main] 	All prerequisites found
9:46:04 AM  [main] 	Initializing Modules
9:46:04 AM  [Apache] 	XAMPP Apache is already running on port 80
9:46:04 AM  [Apache] 	XAMPP Apache is already running on port 443
9:46:04 AM  [main] 	The FileZilla module is disabled
9:46:04 AM  [main] 	The Mercury module is disabled
9:46:04 AM  [main] 	Starting Check-Timer
9:46:04 AM  [main] 	Control Panel Ready
9:46:10 AM  [Apache] 	Status change detected: stopped
9:46:10 AM  [Apache] 	Error: Apache shutdown unexpectedly.
9:46:10 AM  [Apache] 	This may be due to a blocked port, missing dependencies, 
9:46:10 AM  [Apache] 	improper privileges, a crash, or a shutdown by another method.
9:46:10 AM  [Apache] 	Press the Logs button to view error logs and check
9:46:10 AM  [Apache] 	the Windows Event Viewer for more clues
9:46:10 AM  [Apache] 	If you need more help, copy and post this
9:46:10 AM  [Apache] 	entire log window on the forums
9:51:53 AM  [main] 	Deinitializing Modules
9:51:53 AM  [main] 	Deinitializing Control Panel

