::1 - - [21/Feb/2019:09:16:07 +0700] "GET / HTTP/1.1" 302 - "-" "Mozilla/5.0 (Windows NT 10.0; Win64; x64) AppleWebKit/537.36 (KHTML, like Gecko) Chrome/74.0.3710.0 Safari/537.36"
::1 - - [21/Feb/2019:09:16:09 +0700] "GET /phpmyadmin/ HTTP/1.1" 200 13389 "http://localhost/dashboard/" "Mozilla/5.0 (Windows NT 10.0; Win64; x64) AppleWebKit/537.36 (KHTML, like Gecko) Chrome/74.0.3710.0 Safari/537.36"
::1 - - [21/Feb/2019:09:16:10 +0700] "GET /phpmyadmin/js/get_scripts.js.php?scripts%5B%5D=jquery/jquery.min.js&scripts%5B%5D=jquery/jquery-migrate-3.0.0.js&scripts%5B%5D=sprintf.js&scripts%5B%5D=ajax.js&scripts%5B%5D=keyhandler.js&scripts%5B%5D=jquery/jquery-ui.min.js&scripts%5B%5D=jquery/jquery.cookie.js&scripts%5B%5D=jquery/jquery.mousewheel.js&scripts%5B%5D=jquery/jquery.event.drag-2.2.js&scripts%5B%5D=jquery/jquery-ui-timepicker-addon.js&v=4.7.4 HTTP/1.1" 200 138812 "-" "Mozilla/5.0 (Windows NT 10.0; Win64; x64) AppleWebKit/537.36 (KHTML, like Gecko) Chrome/74.0.3710.0 Safari/537.36"
::1 - - [21/Feb/2019:09:16:10 +0700] "GET /phpmyadmin/phpmyadmin.css.php?nocache=6004976816ltr&server=1 HTTP/1.1" 200 20142 "-" "Mozilla/5.0 (Windows NT 10.0; Win64; x64) AppleWebKit/537.36 (KHTML, like Gecko) Chrome/74.0.3710.0 Safari/537.36"
::1 - - [21/Feb/2019:09:16:10 +0700] "GET /phpmyadmin/js/get_scripts.js.php?scripts%5B%5D=navigation.js&scripts%5B%5D=indexes.js&scripts%5B%5D=common.js&scripts%5B%5D=page_settings.js&scripts%5B%5D=shortcuts_handler.js&scripts%5B%5D=codemirror/lib/codemirror.js&scripts%5B%5D=codemirror/mode/sql/sql.js&scripts%5B%5D=codemirror/addon/runmode/runmode.js&scripts%5B%5D=codemirror/addon/hint/show-hint.js&scripts%5B%5D=codemirror/addon/hint/sql-hint.js&v=4.7.4 HTTP/1.1" 200 135447 "-" "Mozilla/5.0 (Windows NT 10.0; Win64; x64) AppleWebKit/537.36 (KHTML, like Gecko) Chrome/74.0.3710.0 Safari/537.36"
::1 - - [21/Feb/2019:09:16:10 +0700] "GET /phpmyadmin/js/get_scripts.js.php?scripts%5B%5D=codemirror/addon/lint/lint.js&scripts%5B%5D=codemirror/addon/lint/sql-lint.js&scripts%5B%5D=console.js&v=4.7.4 HTTP/1.1" 200 13176 "-" "Mozilla/5.0 (Windows NT 10.0; Win64; x64) AppleWebKit/537.36 (KHTML, like Gecko) Chrome/74.0.3710.0 Safari/537.36"
::1 - - [21/Feb/2019:09:16:10 +0700] "GET /phpmyadmin/js/get_scripts.js.php?scripts%5B%5D=jquery/jquery.ba-hashchange-1.3.js&scripts%5B%5D=jquery/jquery.debounce-1.0.5.js&scripts%5B%5D=menu-resizer.js&scripts%5B%5D=cross_framing_protection.js&scripts%5B%5D=rte.js&scripts%5B%5D=tracekit/tracekit.js&scripts%5B%5D=error_report.js&scripts%5B%5D=config.js&scripts%5B%5D=doclinks.js&scripts%5B%5D=functions.js&v=4.7.4 HTTP/1.1" 200 76958 "-" "Mozilla/5.0 (Windows NT 10.0; Win64; x64) AppleWebKit/537.36 (KHTML, like Gecko) Chrome/74.0.3710.0 Safari/537.36"
::1 - - [21/Feb/2019:09:16:10 +0700] "GET /phpmyadmin/js/whitelist.php?v=4.7.4 HTTP/1.1" 200 475 "-" "Mozilla/5.0 (Windows NT 10.0; Win64; x64) AppleWebKit/537.36 (KHTML, like Gecko) Chrome/74.0.3710.0 Safari/537.36"
::1 - - [21/Feb/2019:09:16:10 +0700] "GET /phpmyadmin/js/get_image.js.php?theme=pmahomme&v=4.7.4 HTTP/1.1" 200 1841 "-" "Mozilla/5.0 (Windows NT 10.0; Win64; x64) AppleWebKit/537.36 (KHTML, like Gecko) Chrome/74.0.3710.0 Safari/537.36"
::1 - - [21/Feb/2019:09:16:10 +0700] "GET /phpmyadmin/js/messages.php?v=4.7.4 HTTP/1.1" 200 8648 "-" "Mozilla/5.0 (Windows NT 10.0; Win64; x64) AppleWebKit/537.36 (KHTML, like Gecko) Chrome/74.0.3710.0 Safari/537.36"
::1 - - [21/Feb/2019:09:16:11 +0700] "POST /phpmyadmin/navigation.php?ajax_request=1 HTTP/1.1" 200 2037 "-" "Mozilla/5.0 (Windows NT 10.0; Win64; x64) AppleWebKit/537.36 (KHTML, like Gecko) Chrome/74.0.3710.0 Safari/537.36"
::1 - - [21/Feb/2019:09:16:11 +0700] "POST /phpmyadmin/version_check.php HTTP/1.1" 200 64 "-" "Mozilla/5.0 (Windows NT 10.0; Win64; x64) AppleWebKit/537.36 (KHTML, like Gecko) Chrome/74.0.3710.0 Safari/537.36"
::1 - - [21/Feb/2019:09:16:11 +0700] "POST /phpmyadmin/db_structure.php?ajax_request=1&favorite_table=1&sync_favorite_tables=1 HTTP/1.1" 200 143 "-" "Mozilla/5.0 (Windows NT 10.0; Win64; x64) AppleWebKit/537.36 (KHTML, like Gecko) Chrome/74.0.3710.0 Safari/537.36"
::1 - - [21/Feb/2019:09:16:12 +0700] "GET /phpmyadmin/server_databases.php?db=&ajax_request=true&ajax_page_request=true&_nocache=1550715372924334291 HTTP/1.1" 200 6081 "-" "Mozilla/5.0 (Windows NT 10.0; Win64; x64) AppleWebKit/537.36 (KHTML, like Gecko) Chrome/74.0.3710.0 Safari/537.36"
::1 - - [21/Feb/2019:09:16:13 +0700] "GET /phpmyadmin/js/get_scripts.js.php?scripts%5B%5D=server_databases.js&call_done=1&v=4.7.4&call_done=1&v=4.7.4 HTTP/1.1" 200 2154 "-" "Mozilla/5.0 (Windows NT 10.0; Win64; x64) AppleWebKit/537.36 (KHTML, like Gecko) Chrome/74.0.3710.0 Safari/537.36"
::1 - - [21/Feb/2019:09:16:17 +0700] "POST /phpmyadmin/server_databases.php HTTP/1.1" 200 1730 "-" "Mozilla/5.0 (Windows NT 10.0; Win64; x64) AppleWebKit/537.36 (KHTML, like Gecko) Chrome/74.0.3710.0 Safari/537.36"
::1 - - [21/Feb/2019:09:16:17 +0700] "POST /phpmyadmin/navigation.php?ajax_request=1 HTTP/1.1" 200 2080 "-" "Mozilla/5.0 (Windows NT 10.0; Win64; x64) AppleWebKit/537.36 (KHTML, like Gecko) Chrome/74.0.3710.0 Safari/537.36"
::1 - - [21/Feb/2019:09:16:17 +0700] "GET /phpmyadmin/db_structure.php?db=angular_php1&db=angular_php1&ajax_request=true&ajax_page_request=true&_nocache=1550715377648279508 HTTP/1.1" 200 2765 "-" "Mozilla/5.0 (Windows NT 10.0; Win64; x64) AppleWebKit/537.36 (KHTML, like Gecko) Chrome/74.0.3710.0 Safari/537.36"
::1 - - [21/Feb/2019:09:16:17 +0700] "GET /phpmyadmin/navigation.php?ajax_request=1&aPath=cm9vdA%3D%3D.YW5ndWxhcl9waHAx&vPath=cm9vdA%3D%3D.YW5ndWxhcl9waHAx&pos=0&pos2_name=&pos2_value=&searchClause=&searchClause2=&_nocache=1550715377976983306 HTTP/1.1" 200 1390 "-" "Mozilla/5.0 (Windows NT 10.0; Win64; x64) AppleWebKit/537.36 (KHTML, like Gecko) Chrome/74.0.3710.0 Safari/537.36"
::1 - - [21/Feb/2019:09:16:17 +0700] "GET /phpmyadmin/js/get_scripts.js.php?scripts%5B%5D=db_structure.js&scripts%5B%5D=tbl_change.js&call_done=1&v=4.7.4&call_done=1&v=4.7.4 HTTP/1.1" 200 10875 "-" "Mozilla/5.0 (Windows NT 10.0; Win64; x64) AppleWebKit/537.36 (KHTML, like Gecko) Chrome/74.0.3710.0 Safari/537.36"
::1 - - [21/Feb/2019:09:19:50 +0700] "GET /phpmyadmin/server_databases.php?db= HTTP/1.1" 200 12581 "-" "Mozilla/5.0 (Windows NT 10.0; Win64; x64) AppleWebKit/537.36 (KHTML, like Gecko) Chrome/74.0.3710.0 Safari/537.36"
::1 - - [21/Feb/2019:09:19:50 +0700] "GET /phpmyadmin/js/get_scripts.js.php?scripts%5B%5D=navigation.js&scripts%5B%5D=indexes.js&scripts%5B%5D=common.js&scripts%5B%5D=page_settings.js&scripts%5B%5D=shortcuts_handler.js&scripts%5B%5D=server_databases.js&scripts%5B%5D=codemirror/lib/codemirror.js&scripts%5B%5D=codemirror/mode/sql/sql.js&scripts%5B%5D=codemirror/addon/runmode/runmode.js&scripts%5B%5D=codemirror/addon/hint/show-hint.js&v=4.7.4 HTTP/1.1" 200 135049 "-" "Mozilla/5.0 (Windows NT 10.0; Win64; x64) AppleWebKit/537.36 (KHTML, like Gecko) Chrome/74.0.3710.0 Safari/537.36"
::1 - - [21/Feb/2019:09:19:50 +0700] "GET /phpmyadmin/js/get_scripts.js.php?scripts%5B%5D=codemirror/addon/hint/sql-hint.js&scripts%5B%5D=codemirror/addon/lint/lint.js&scripts%5B%5D=codemirror/addon/lint/sql-lint.js&scripts%5B%5D=console.js&v=4.7.4 HTTP/1.1" 200 15284 "-" "Mozilla/5.0 (Windows NT 10.0; Win64; x64) AppleWebKit/537.36 (KHTML, like Gecko) Chrome/74.0.3710.0 Safari/537.36"
::1 - - [21/Feb/2019:09:19:51 +0700] "GET /phpmyadmin/favicon.ico HTTP/1.1" 200 22486 "-" "Mozilla/5.0 (Windows NT 10.0; Win64; x64) AppleWebKit/537.36 (KHTML, like Gecko) Chrome/74.0.3710.0 Safari/537.36"
::1 - - [21/Feb/2019:09:19:50 +0700] "POST /phpmyadmin/navigation.php?ajax_request=1 HTTP/1.1" 200 2093 "-" "Mozilla/5.0 (Windows NT 10.0; Win64; x64) AppleWebKit/537.36 (KHTML, like Gecko) Chrome/74.0.3710.0 Safari/537.36"
::1 - - [21/Feb/2019:09:43:48 +0700] "POST /phpmyadmin/index.php HTTP/1.1" 200 1355 "-" "Mozilla/5.0 (Windows NT 10.0; Win64; x64) AppleWebKit/537.36 (KHTML, like Gecko) Chrome/74.0.3710.0 Safari/537.36"
::1 - - [21/Feb/2019:09:45:22 +0700] "GET / HTTP/1.1" 302 - "-" "Mozilla/5.0 (Windows NT 10.0; Win64; x64) AppleWebKit/537.36 (KHTML, like Gecko) Chrome/74.0.3710.0 Safari/537.36"
::1 - - [21/Feb/2019:09:45:24 +0700] "GET /phpmyadmin/ HTTP/1.1" 200 13437 "http://localhost/dashboard/" "Mozilla/5.0 (Windows NT 10.0; Win64; x64) AppleWebKit/537.36 (KHTML, like Gecko) Chrome/74.0.3710.0 Safari/537.36"
::1 - - [21/Feb/2019:09:45:26 +0700] "POST /phpmyadmin/navigation.php?ajax_request=1 HTTP/1.1" 200 2080 "-" "Mozilla/5.0 (Windows NT 10.0; Win64; x64) AppleWebKit/537.36 (KHTML, like Gecko) Chrome/74.0.3710.0 Safari/537.36"
::1 - - [21/Feb/2019:09:45:26 +0700] "POST /phpmyadmin/version_check.php HTTP/1.1" 200 64 "-" "Mozilla/5.0 (Windows NT 10.0; Win64; x64) AppleWebKit/537.36 (KHTML, like Gecko) Chrome/74.0.3710.0 Safari/537.36"
::1 - - [21/Feb/2019:09:45:26 +0700] "POST /phpmyadmin/db_structure.php?ajax_request=1&favorite_table=1&sync_favorite_tables=1 HTTP/1.1" 200 143 "-" "Mozilla/5.0 (Windows NT 10.0; Win64; x64) AppleWebKit/537.36 (KHTML, like Gecko) Chrome/74.0.3710.0 Safari/537.36"
::1 - - [21/Feb/2019:09:45:32 +0700] "GET /phpmyadmin/ HTTP/1.1" 200 13437 "http://localhost/dashboard/" "Mozilla/5.0 (Windows NT 10.0; Win64; x64) AppleWebKit/537.36 (KHTML, like Gecko) Chrome/74.0.3710.0 Safari/537.36"
::1 - - [21/Feb/2019:09:45:33 +0700] "POST /phpmyadmin/navigation.php?ajax_request=1 HTTP/1.1" 200 2080 "-" "Mozilla/5.0 (Windows NT 10.0; Win64; x64) AppleWebKit/537.36 (KHTML, like Gecko) Chrome/74.0.3710.0 Safari/537.36"
::1 - - [21/Feb/2019:09:45:33 +0700] "POST /phpmyadmin/version_check.php HTTP/1.1" 200 64 "-" "Mozilla/5.0 (Windows NT 10.0; Win64; x64) AppleWebKit/537.36 (KHTML, like Gecko) Chrome/74.0.3710.0 Safari/537.36"
::1 - - [21/Feb/2019:09:45:33 +0700] "POST /phpmyadmin/db_structure.php?ajax_request=1&favorite_table=1&sync_favorite_tables=1 HTTP/1.1" 200 143 "-" "Mozilla/5.0 (Windows NT 10.0; Win64; x64) AppleWebKit/537.36 (KHTML, like Gecko) Chrome/74.0.3710.0 Safari/537.36"
::1 - - [21/Feb/2019:09:45:34 +0700] "GET /phpmyadmin/ HTTP/1.1" 200 13437 "http://localhost/dashboard/" "Mozilla/5.0 (Windows NT 10.0; Win64; x64) AppleWebKit/537.36 (KHTML, like Gecko) Chrome/74.0.3710.0 Safari/537.36"
::1 - - [21/Feb/2019:09:45:34 +0700] "POST /phpmyadmin/navigation.php?ajax_request=1 HTTP/1.1" 200 2080 "-" "Mozilla/5.0 (Windows NT 10.0; Win64; x64) AppleWebKit/537.36 (KHTML, like Gecko) Chrome/74.0.3710.0 Safari/537.36"
::1 - - [21/Feb/2019:09:45:34 +0700] "POST /phpmyadmin/db_structure.php?ajax_request=1&favorite_table=1&sync_favorite_tables=1 HTTP/1.1" 200 143 "-" "Mozilla/5.0 (Windows NT 10.0; Win64; x64) AppleWebKit/537.36 (KHTML, like Gecko) Chrome/74.0.3710.0 Safari/537.36"
::1 - - [21/Feb/2019:09:45:34 +0700] "POST /phpmyadmin/version_check.php HTTP/1.1" 200 64 "-" "Mozilla/5.0 (Windows NT 10.0; Win64; x64) AppleWebKit/537.36 (KHTML, like Gecko) Chrome/74.0.3710.0 Safari/537.36"
::1 - - [21/Feb/2019:09:45:35 +0700] "GET /phpmyadmin/favicon.ico HTTP/1.1" 200 22486 "-" "Mozilla/5.0 (Windows NT 10.0; Win64; x64) AppleWebKit/537.36 (KHTML, like Gecko) Chrome/74.0.3710.0 Safari/537.36"
::1 - - [21/Feb/2019:09:46:01 +0700] "GET /phpmyadmin/ HTTP/1.1" 200 13437 "-" "Mozilla/5.0 (Windows NT 10.0; Win64; x64) AppleWebKit/537.36 (KHTML, like Gecko) Chrome/74.0.3710.0 Safari/537.36"
::1 - - [21/Feb/2019:09:46:02 +0700] "POST /phpmyadmin/navigation.php?ajax_request=1 HTTP/1.1" 200 2080 "-" "Mozilla/5.0 (Windows NT 10.0; Win64; x64) AppleWebKit/537.36 (KHTML, like Gecko) Chrome/74.0.3710.0 Safari/537.36"
::1 - - [21/Feb/2019:09:46:02 +0700] "GET /phpmyadmin/favicon.ico HTTP/1.1" 200 22486 "-" "Mozilla/5.0 (Windows NT 10.0; Win64; x64) AppleWebKit/537.36 (KHTML, like Gecko) Chrome/74.0.3710.0 Safari/537.36"
::1 - - [21/Feb/2019:09:46:02 +0700] "POST /phpmyadmin/version_check.php HTTP/1.1" 200 64 "-" "Mozilla/5.0 (Windows NT 10.0; Win64; x64) AppleWebKit/537.36 (KHTML, like Gecko) Chrome/74.0.3710.0 Safari/537.36"
::1 - - [21/Feb/2019:09:46:02 +0700] "POST /phpmyadmin/db_structure.php?ajax_request=1&favorite_table=1&sync_favorite_tables=1 HTTP/1.1" 200 143 "-" "Mozilla/5.0 (Windows NT 10.0; Win64; x64) AppleWebKit/537.36 (KHTML, like Gecko) Chrome/74.0.3710.0 Safari/537.36"
::1 - - [21/Feb/2019:09:57:03 +0700] "GET / HTTP/1.1" 302 - "-" "Mozilla/5.0 (Windows NT 10.0; Win64; x64) AppleWebKit/537.36 (KHTML, like Gecko) Chrome/74.0.3710.0 Safari/537.36"
::1 - - [21/Feb/2019:09:57:03 +0700] "GET /dashboard/ HTTP/1.1" 200 7576 "-" "Mozilla/5.0 (Windows NT 10.0; Win64; x64) AppleWebKit/537.36 (KHTML, like Gecko) Chrome/74.0.3710.0 Safari/537.36"
::1 - - [21/Feb/2019:10:03:54 +0700] "POST /phpmyadmin/index.php HTTP/1.1" 200 1355 "-" "Mozilla/5.0 (Windows NT 10.0; Win64; x64) AppleWebKit/537.36 (KHTML, like Gecko) Chrome/74.0.3710.0 Safari/537.36"
::1 - - [21/Feb/2019:10:03:56 +0700] "POST /phpmyadmin/index.php HTTP/1.1" 200 1355 "-" "Mozilla/5.0 (Windows NT 10.0; Win64; x64) AppleWebKit/537.36 (KHTML, like Gecko) Chrome/74.0.3710.0 Safari/537.36"
::1 - - [21/Feb/2019:10:08:40 +0700] "GET /phpmyadmin/ HTTP/1.1" 200 13437 "http://localhost/dashboard/" "Mozilla/5.0 (Windows NT 10.0; Win64; x64) AppleWebKit/537.36 (KHTML, like Gecko) Chrome/74.0.3710.0 Safari/537.36"
::1 - - [21/Feb/2019:10:08:41 +0700] "POST /phpmyadmin/navigation.php?ajax_request=1 HTTP/1.1" 200 2080 "-" "Mozilla/5.0 (Windows NT 10.0; Win64; x64) AppleWebKit/537.36 (KHTML, like Gecko) Chrome/74.0.3710.0 Safari/537.36"
::1 - - [21/Feb/2019:10:08:41 +0700] "POST /phpmyadmin/version_check.php HTTP/1.1" 200 64 "-" "Mozilla/5.0 (Windows NT 10.0; Win64; x64) AppleWebKit/537.36 (KHTML, like Gecko) Chrome/74.0.3710.0 Safari/537.36"
::1 - - [21/Feb/2019:10:08:41 +0700] "POST /phpmyadmin/db_structure.php?ajax_request=1&favorite_table=1&sync_favorite_tables=1 HTTP/1.1" 200 143 "-" "Mozilla/5.0 (Windows NT 10.0; Win64; x64) AppleWebKit/537.36 (KHTML, like Gecko) Chrome/74.0.3710.0 Safari/537.36"
::1 - - [21/Feb/2019:10:15:29 +0700] "GET / HTTP/1.1" 302 - "-" "Mozilla/5.0 (Windows NT 10.0; Win64; x64) AppleWebKit/537.36 (KHTML, like Gecko) Chrome/74.0.3710.0 Safari/537.36"
::1 - - [21/Feb/2019:10:15:31 +0700] "GET /phpmyadmin/ HTTP/1.1" 200 13437 "http://localhost/dashboard/" "Mozilla/5.0 (Windows NT 10.0; Win64; x64) AppleWebKit/537.36 (KHTML, like Gecko) Chrome/74.0.3710.0 Safari/537.36"
::1 - - [21/Feb/2019:10:15:35 +0700] "POST /phpmyadmin/db_structure.php?ajax_request=1&favorite_table=1&sync_favorite_tables=1 HTTP/1.1" 200 143 "-" "Mozilla/5.0 (Windows NT 10.0; Win64; x64) AppleWebKit/537.36 (KHTML, like Gecko) Chrome/74.0.3710.0 Safari/537.36"
::1 - - [21/Feb/2019:10:15:35 +0700] "POST /phpmyadmin/version_check.php HTTP/1.1" 200 64 "-" "Mozilla/5.0 (Windows NT 10.0; Win64; x64) AppleWebKit/537.36 (KHTML, like Gecko) Chrome/74.0.3710.0 Safari/537.36"
::1 - - [21/Feb/2019:10:15:35 +0700] "POST /phpmyadmin/navigation.php?ajax_request=1 HTTP/1.1" 200 2080 "-" "Mozilla/5.0 (Windows NT 10.0; Win64; x64) AppleWebKit/537.36 (KHTML, like Gecko) Chrome/74.0.3710.0 Safari/537.36"
::1 - - [21/Feb/2019:10:15:37 +0700] "GET /phpmyadmin/db_structure.php?server=1&db=angular_php1&ajax_request=true&ajax_page_request=true&_nocache=1550718937397147837 HTTP/1.1" 200 2764 "-" "Mozilla/5.0 (Windows NT 10.0; Win64; x64) AppleWebKit/537.36 (KHTML, like Gecko) Chrome/74.0.3710.0 Safari/537.36"
::1 - - [21/Feb/2019:10:15:38 +0700] "GET /phpmyadmin/navigation.php?ajax_request=1&aPath=cm9vdA%3D%3D.YW5ndWxhcl9waHAx&vPath=cm9vdA%3D%3D.YW5ndWxhcl9waHAx&pos=0&pos2_name=&pos2_value=&searchClause=&searchClause2=&_nocache=1550718938308803779 HTTP/1.1" 200 1390 "-" "Mozilla/5.0 (Windows NT 10.0; Win64; x64) AppleWebKit/537.36 (KHTML, like Gecko) Chrome/74.0.3710.0 Safari/537.36"
::1 - - [21/Feb/2019:10:15:42 +0700] "POST /phpmyadmin/tbl_create.php HTTP/1.1" 200 37159 "-" "Mozilla/5.0 (Windows NT 10.0; Win64; x64) AppleWebKit/537.36 (KHTML, like Gecko) Chrome/74.0.3710.0 Safari/537.36"
::1 - - [21/Feb/2019:10:15:44 +0700] "GET /phpmyadmin/js/get_scripts.js.php?scripts%5B%5D=jquery/jquery.uitablefilter.js&call_done=1&v=4.7.4&call_done=1&v=4.7.4 HTTP/1.1" 200 1413 "-" "Mozilla/5.0 (Windows NT 10.0; Win64; x64) AppleWebKit/537.36 (KHTML, like Gecko) Chrome/74.0.3710.0 Safari/537.36"
::1 - - [21/Feb/2019:10:15:44 +0700] "GET /phpmyadmin/index.php?ajax_request=1&recent_table=1&no_debug=true&_nocache=1550718944385829571 HTTP/1.1" 200 1384 "-" "Mozilla/5.0 (Windows NT 10.0; Win64; x64) AppleWebKit/537.36 (KHTML, like Gecko) Chrome/74.0.3710.0 Safari/537.36"
::1 - - [21/Feb/2019:10:15:54 +0700] "POST /phpmyadmin/tbl_indexes.php HTTP/1.1" 200 2790 "-" "Mozilla/5.0 (Windows NT 10.0; Win64; x64) AppleWebKit/537.36 (KHTML, like Gecko) Chrome/74.0.3710.0 Safari/537.36"
::1 - - [21/Feb/2019:10:15:55 +0700] "GET /phpmyadmin/themes/pmahomme/img/s_sortable.png HTTP/1.1" 200 234 "http://localhost/phpmyadmin/phpmyadmin.css.php?nocache=6004976816ltr&server=1" "Mozilla/5.0 (Windows NT 10.0; Win64; x64) AppleWebKit/537.36 (KHTML, like Gecko) Chrome/74.0.3710.0 Safari/537.36"
::1 - - [21/Feb/2019:10:16:36 +0700] "POST /phpmyadmin/tbl_create.php HTTP/1.1" 200 45421 "-" "Mozilla/5.0 (Windows NT 10.0; Win64; x64) AppleWebKit/537.36 (KHTML, like Gecko) Chrome/74.0.3710.0 Safari/537.36"
::1 - - [21/Feb/2019:10:16:58 +0700] "POST /phpmyadmin/tbl_structure.php HTTP/1.1" 200 95 "-" "Mozilla/5.0 (Windows NT 10.0; Win64; x64) AppleWebKit/537.36 (KHTML, like Gecko) Chrome/74.0.3710.0 Safari/537.36"
::1 - - [21/Feb/2019:10:16:59 +0700] "POST /phpmyadmin/tbl_create.php HTTP/1.1" 200 1661 "-" "Mozilla/5.0 (Windows NT 10.0; Win64; x64) AppleWebKit/537.36 (KHTML, like Gecko) Chrome/74.0.3710.0 Safari/537.36"
::1 - - [21/Feb/2019:10:17:00 +0700] "GET /phpmyadmin/db_structure.php?server=1&db=angular_php1&table=nguoidung&ajax_request=true&ajax_page_request=true&_nocache=1550719020619444804 HTTP/1.1" 200 4677 "-" "Mozilla/5.0 (Windows NT 10.0; Win64; x64) AppleWebKit/537.36 (KHTML, like Gecko) Chrome/74.0.3710.0 Safari/537.36"
::1 - - [21/Feb/2019:10:17:00 +0700] "POST /phpmyadmin/navigation.php?ajax_request=1 HTTP/1.1" 200 2400 "-" "Mozilla/5.0 (Windows NT 10.0; Win64; x64) AppleWebKit/537.36 (KHTML, like Gecko) Chrome/74.0.3710.0 Safari/537.36"
::1 - - [21/Feb/2019:10:17:00 +0700] "GET /phpmyadmin/tbl_structure.php?server=1&db=angular_php1&token=f219345156518c7a2913bbf3a32fb1c5&goto=db_structure.php&table=nguoidung&ajax_request=true&ajax_page_request=true&_nocache=1550719020626814805 HTTP/1.1" 200 7089 "-" "Mozilla/5.0 (Windows NT 10.0; Win64; x64) AppleWebKit/537.36 (KHTML, like Gecko) Chrome/74.0.3710.0 Safari/537.36"
::1 - - [21/Feb/2019:10:17:00 +0700] "GET /phpmyadmin/index.php?ajax_request=1&recent_table=1&no_debug=true&_nocache=1550719020964823585 HTTP/1.1" 200 1415 "-" "Mozilla/5.0 (Windows NT 10.0; Win64; x64) AppleWebKit/537.36 (KHTML, like Gecko) Chrome/74.0.3710.0 Safari/537.36"
::1 - - [21/Feb/2019:10:17:01 +0700] "GET /phpmyadmin/js/get_scripts.js.php?scripts%5B%5D=tbl_structure.js&call_done=1&v=4.7.4&call_done=1&v=4.7.4 HTTP/1.1" 200 5241 "-" "Mozilla/5.0 (Windows NT 10.0; Win64; x64) AppleWebKit/537.36 (KHTML, like Gecko) Chrome/74.0.3710.0 Safari/537.36"
::1 - - [21/Feb/2019:10:17:02 +0700] "GET /phpmyadmin/index.php?ajax_request=1&recent_table=1&no_debug=true&_nocache=1550719022052861652 HTTP/1.1" 200 1415 "-" "Mozilla/5.0 (Windows NT 10.0; Win64; x64) AppleWebKit/537.36 (KHTML, like Gecko) Chrome/74.0.3710.0 Safari/537.36"
